Scraping https://www.coinlore.com/coin/bitcoin ...
The HTML content has been saved in debug.html
<!-- CoinLore --><!DOCTYPE html> <html lang="en"> <head> <meta charset="utf-8">  <meta http-equiv="X-UA-Compatible" content="IE=edge">  <meta name="viewport" content="width=device-width, initial-scale=1">  <meta name="format-detection" content="telephone=no">  <meta name="msapplication-tap-highlight
Current Bitcoin price: $84,356
Data saved in prices.csv
Scraping https://www.coinlore.com/coin/bitcoin ...
The HTML content has been saved in debug.html
<!-- CoinLore --><!DOCTYPE html> <html lang="en"> <head> <meta charset="utf-8">  <meta http-equiv="X-UA-Compatible" content="IE=edge">  <meta name="viewport" content="width=device-width, initial-scale=1">  <meta name="format-detection" content="telephone=no">  <meta name="msapplication-tap-highlight
Current Bitcoin price: $84,356
Data saved in prices.csv
Scraping https://www.coinlore.com/coin/bitcoin ...
The HTML content has been saved in debug.html
<!-- CoinLore --><!DOCTYPE html> <html lang="en"> <head> <meta charset="utf-8">  <meta http-equiv="X-UA-Compatible" content="IE=edge">  <meta name="viewport" content="width=device-width, initial-scale=1">  <meta name="format-detection" content="telephone=no">  <meta name="msapplication-tap-highlight
Current Bitcoin price: $84,356
Data saved in prices.csv
Scraping https://www.coinlore.com/coin/bitcoin ...
The HTML content has been saved in debug.html
<!-- CoinLore --><!DOCTYPE html> <html lang="en"> <head> <meta charset="utf-8">  <meta http-equiv="X-UA-Compatible" content="IE=edge">  <meta name="viewport" content="width=device-width, initial-scale=1">  <meta name="format-detection" content="telephone=no">  <meta name="msapplication-tap-highlight
Current Bitcoin price: $84,356
Data saved in prices.csv
Scraping https://www.coinlore.com/coin/bitcoin ...
The HTML content has been saved in debug.html
<!-- CoinLore --><!DOCTYPE html> <html lang="en"> <head> <meta charset="utf-8">  <meta http-equiv="X-UA-Compatible" content="IE=edge">  <meta name="viewport" content="width=device-width, initial-scale=1">  <meta name="format-detection" content="telephone=no">  <meta name="msapplication-tap-highlight
Current Bitcoin price: $84,356
Data saved in prices.csv
Scraping https://www.coinlore.com/coin/bitcoin ...
The HTML content has been saved in debug.html
<!-- CoinLore --><!DOCTYPE html> <html lang="en"> <head> <meta charset="utf-8">  <meta http-equiv="X-UA-Compatible" content="IE=edge">  <meta name="viewport" content="width=device-width, initial-scale=1">  <meta name="format-detection" content="telephone=no">  <meta name="msapplication-tap-highlight
Current Bitcoin price: $84,356
Data saved in prices.csv
Scraping https://www.coinlore.com/coin/bitcoin ...
The HTML content has been saved in debug.html
<!-- CoinLore --><!DOCTYPE html> <html lang="en"> <head> <meta charset="utf-8">  <meta http-equiv="X-UA-Compatible" content="IE=edge">  <meta name="viewport" content="width=device-width, initial-scale=1">  <meta name="format-detection" content="telephone=no">  <meta name="msapplication-tap-highlight
Current Bitcoin price: $84,356
Data saved in prices.csv
